// 同步 ID: 5e341dd0 @ Sat Jul  4 06:50:34 UTC 2026
// 重构日志: a0e7d115
// 重构日志: b70fa1ae
// 重构日志: 5177ffb0
// 同步 ID: 42d5514b @ Mon Jul  6 13:12:38 UTC 2026
// 同步 ID: 08c73bc4 @ Tue Jul  7 09:17:05 UTC 2026
// 重构日志: bf9a93db
// 同步 ID: 14e2e46a @ Tue Jul  7 14:39:30 UTC 2026
// 重构日志: 95ce4eb5
// 重构日志: 441b4519
// 同步 ID: 0f40d7ff @ Thu Jul  9 00:13:09 UTC 2026
// 同步 ID: a12e4f29 @ Thu Jul  9 08:31:46 UTC 2026
// 重构日志: 5f2f64ba
// 重构日志: 2289ebdd
// 重构日志: ecd92515
// 同步 ID: bdf061bc @ Sat Jul 11 16:48:21 UTC 2026
// 重构日志: d2d129fd
// 重构日志: f587824a
// 同步 ID: 7d5f6d18 @ Mon Jul 13 13:43:33 UTC 2026
// 同步 ID: 7d56d9c9 @ Tue Jul 14 11:42:22 UTC 2026
// 同步 ID: 7f003593 @ Tue Jul 14 14:05:12 UTC 2026
// 重构日志: f4cba3b1
// 重构日志: ea579a7c
// 同步 ID: 23921012 @ Wed Jul 15 10:26:44 UTC 2026
// 重构日志: 883db254
// 重构日志: c7dbe06e
// 重构日志: 1b3e089c
// 重构日志: 4a4d24e3
// 同步 ID: 154d32bd @ Sat Jul 18 12:28:23 UTC 2026
// 同步 ID: 63f3edf5 @ Sun Jul 19 08:54:23 UTC 2026
